p cnf 37 82
4 0
8 0
12 0
3 0
14 1 6 7 0
-3 0
14 10 2 0
-12 0
-6 0
-16 0
1 0
3 0
9 0
10 0
15 0
1 0
-13 0
-13 0
13 0
5 0
14 1 6 7 0
7 0
14 1 6 7 0
5 0
14 1 6 7 0
7 0
-13 0
-7 0
-10 0
-9 0
-14 0
-2 0
-14 0
-15 -1 -3 -1 -9 0
16 0
6 0
-7 0
15 0
13 0
-14 0
-1 0
6 -21 0
7 17 18 19 20 21 0
9 -17 18 19 20 21 0
10 -17 18 19 20 21 0
15 -17 18 19 20 21 0
1 -17 18 19 20 21 0
3 -17 18 19 20 21 0
1 -17 18 19 20 21 0
7 -18 19 20 21 0
14 -19 20 21 0
1 -20 21 0
3 -29 0
1 22 23 24 25 26 27 28 29 0
15 -22 23 24 25 26 27 28 29 0
1 -22 23 24 25 26 27 28 29 0
3 -22 23 24 25 26 27 28 29 0
1 -22 23 24 25 26 27 28 29 0
9 -22 23 24 25 26 27 28 29 0
9 -23 24 25 26 27 28 29 0
11 -24 25 26 27 28 29 0
7 -25 26 27 28 29 0
2 -26 27 28 29 0
14 -27 28 29 0
15 -28 29 0
1 -28 29 0
3 -28 29 0
1 -28 29 0
9 -28 29 0
3 -37 0
13 30 31 32 33 34 35 36 37 0
7 -30 31 32 33 34 35 36 37 0
10 -31 32 33 34 35 36 37 0
9 -32 33 34 35 36 37 0
14 -33 34 35 36 37 0
2 -34 35 36 37 0
14 -35 36 37 0
15 -36 37 0
1 -36 37 0
3 -36 37 0
1 -36 37 0
9 -36 37 0
