p cnf 27 22
1 12 13 14 15 16 17 18 19 20 21 22 23 24 25 26 27 0
8 -12 13 14 15 16 17 18 19 20 21 22 23 24 25 26 27 0
4 -13 14 15 16 17 18 19 20 21 22 23 24 25 26 27 0
-2 -14 15 16 17 18 19 20 21 22 23 24 25 26 27 0
3 -15 16 17 18 19 20 21 22 23 24 25 26 27 0
2 -15 16 17 18 19 20 21 22 23 24 25 26 27 0
4 -16 17 18 19 20 21 22 23 24 25 26 27 0
6 -16 17 18 19 20 21 22 23 24 25 26 27 0
2 -16 17 18 19 20 21 22 23 24 25 26 27 0
10 -16 17 18 19 20 21 22 23 24 25 26 27 0
11 -16 17 18 19 20 21 22 23 24 25 26 27 4 7 5 9 0
6 -17 18 19 20 21 22 23 24 25 26 27 0
2 -18 19 20 21 22 23 24 25 26 27 0
-8 -19 20 21 22 23 24 25 26 27 0
7 -20 21 22 23 24 25 26 27 0
5 -21 22 23 24 25 26 27 0
2 -22 23 24 25 26 27 0
11 -23 24 25 26 27 0
3 -24 25 26 27 0
9 -25 26 27 0
9 -26 27 0
5 -27 0
