p cnf 65 57
4 25 26 27 28 29 30 31 32 33 34 35 36 37 38 39 40 41 42 43 44 45 46 47 48 49 50 51 52 53 54 55 56 57 58 59 60 61 62 63 64 65 0
11 -25 26 27 28 29 30 31 32 33 34 35 36 37 38 39 40 41 42 43 44 45 46 47 48 49 50 51 52 53 54 55 56 57 58 59 60 61 62 63 64 65 0
19 -26 27 28 29 30 31 32 33 34 35 36 37 38 39 40 41 42 43 44 45 46 47 48 49 50 51 52 53 54 55 56 57 58 59 60 61 62 63 64 65 0
24 -27 28 29 30 31 32 33 34 35 36 37 38 39 40 41 42 43 44 45 46 47 48 49 50 51 52 53 54 55 56 57 58 59 60 61 62 63 64 65 0
5 -28 29 30 31 32 33 34 35 36 37 38 39 40 41 42 43 44 45 46 47 48 49 50 51 52 53 54 55 56 57 58 59 60 61 62 63 64 65 0
14 -28 29 30 31 32 33 34 35 36 37 38 39 40 41 42 43 44 45 46 47 48 49 50 51 52 53 54 55 56 57 58 59 60 61 62 63 64 65 -6 22 1 -6 7 0
16 -28 29 30 31 32 33 34 35 36 37 38 39 40 41 42 43 44 45 46 47 48 49 50 51 52 53 54 55 56 57 58 59 60 61 62 63 64 65 0
1 -28 29 30 31 32 33 34 35 36 37 38 39 40 41 42 43 44 45 46 47 48 49 50 51 52 53 54 55 56 57 58 59 60 61 62 63 64 65 0
9 -29 30 31 32 33 34 35 36 37 38 39 40 41 42 43 44 45 46 47 48 49 50 51 52 53 54 55 56 57 58 59 60 61 62 63 64 65 0
21 -29 30 31 32 33 34 35 36 37 38 39 40 41 42 43 44 45 46 47 48 49 50 51 52 53 54 55 56 57 58 59 60 61 62 63 64 65 0
20 -30 31 32 33 34 35 36 37 38 39 40 41 42 43 44 45 46 47 48 49 50 51 52 53 54 55 56 57 58 59 60 61 62 63 64 65 0
-9 -30 31 32 33 34 35 36 37 38 39 40 41 42 43 44 45 46 47 48 49 50 51 52 53 54 55 56 57 58 59 60 61 62 63 64 65 3 20 0
-21 -30 31 32 33 34 35 36 37 38 39 40 41 42 43 44 45 46 47 48 49 50 51 52 53 54 55 56 57 58 59 60 61 62 63 64 65 -9 0
14 -31 32 33 34 35 36 37 38 39 40 41 42 43 44 45 46 47 48 49 50 51 52 53 54 55 56 57 58 59 60 61 62 63 64 65 0
-14 -32 33 34 35 36 37 38 39 40 41 42 43 44 45 46 47 48 49 50 51 52 53 54 55 56 57 58 59 60 61 62 63 64 65 0
-7 -33 34 35 36 37 38 39 40 41 42 43 44 45 46 47 48 49 50 51 52 53 54 55 56 57 58 59 60 61 62 63 64 65 0
-6 -34 35 36 37 38 39 40 41 42 43 44 45 46 47 48 49 50 51 52 53 54 55 56 57 58 59 60 61 62 63 64 65 0
6 -35 36 37 38 39 40 41 42 43 44 45 46 47 48 49 50 51 52 53 54 55 56 57 58 59 60 61 62 63 64 65 0
-9 -36 37 38 39 40 41 42 43 44 45 46 47 48 49 50 51 52 53 54 55 56 57 58 59 60 61 62 63 64 65 0
-18 -37 38 39 40 41 42 43 44 45 46 47 48 49 50 51 52 53 54 55 56 57 58 59 60 61 62 63 64 65 0
-18 -37 38 39 40 41 42 43 44 45 46 47 48 49 50 51 52 53 54 55 56 57 58 59 60 61 62 63 64 65 0
18 -38 39 40 41 42 43 44 45 46 47 48 49 50 51 52 53 54 55 56 57 58 59 60 61 62 63 64 65 0
14 -39 40 41 42 43 44 45 46 47 48 49 50 51 52 53 54 55 56 57 58 59 60 61 62 63 64 65 0
15 -40 41 42 43 44 45 46 47 48 49 50 51 52 53 54 55 56 57 58 59 60 61 62 63 64 65 0
16 -41 42 43 44 45 46 47 48 49 50 51 52 53 54 55 56 57 58 59 60 61 62 63 64 65 0
17 -42 43 44 45 46 47 48 49 50 51 52 53 54 55 56 57 58 59 60 61 62 63 64 65 0
1 -43 44 45 46 47 48 49 50 51 52 53 54 55 56 57 58 59 60 61 62 63 64 65 0
16 -43 44 45 46 47 48 49 50 51 52 53 54 55 56 57 58 59 60 61 62 63 64 65 0
22 -44 45 46 47 48 49 50 51 52 53 54 55 56 57 58 59 60 61 62 63 64 65 0
22 -45 46 47 48 49 50 51 52 53 54 55 56 57 58 59 60 61 62 63 64 65 0
2 -46 47 48 49 50 51 52 53 54 55 56 57 58 59 60 61 62 63 64 65 0
6 -47 48 49 50 51 52 53 54 55 56 57 58 59 60 61 62 63 64 65 0
8 -48 49 50 51 52 53 54 55 56 57 58 59 60 61 62 63 64 65 0
22 -49 50 51 52 53 54 55 56 57 58 59 60 61 62 63 64 65 0
14 -50 51 52 53 54 55 56 57 58 59 60 61 62 63 64 65 0
12 -51 52 53 54 55 56 57 58 59 60 61 62 63 64 65 0
23 -51 52 53 54 55 56 57 58 59 60 61 62 63 64 65 0
13 -51 52 53 54 55 56 57 58 59 60 61 62 63 64 65 0
-9 -51 52 53 54 55 56 57 58 59 60 61 62 63 64 65 0
15 -52 53 54 55 56 57 58 59 60 61 62 63 64 65 0
-21 -53 54 55 56 57 58 59 60 61 62 63 64 65 0
16 -54 55 56 57 58 59 60 61 62 63 64 65 0
-6 -55 56 57 58 59 60 61 62 63 64 65 0
22 -56 57 58 59 60 61 62 63 64 65 0
1 -57 58 59 60 61 62 63 64 65 0
-6 -58 59 60 61 62 63 64 65 0
7 -59 60 61 62 63 64 65 0
12 -60 61 62 63 64 65 0
23 -60 61 62 63 64 65 0
13 -60 61 62 63 64 65 0
-9 -60 61 62 63 64 65 0
9 -61 62 63 64 65 0
9 -62 63 64 65 0
21 -62 63 64 65 0
-16 -63 64 65 0
5 -64 65 0
10 -65 0
