p cnf 61 93
4 0
23 0
24 0
25 0
29 0
32 0
16 18 0
17 0
12 0
-31 -10 -20 -16 -22 0
-31 0
-30 -13 -17 0
20 0
-23 0
10 21 -27 0
20 0
13 0
18 15 3 0
16 0
5 0
17 0
9 8 10 5 0
20 0
14 0
26 0
-27 0
33 0
31 0
19 0
19 0
-11 15 -17 28 3 24 1 -27 18 -30 -13 0
14 3 11 9 14 18 15 0
33 0
16 0
22 0
-4 0
30 0
10 0
7 0
31 0
10 0
-24 -35 0
5 34 35 0
22 -34 35 0
-4 -34 35 0
30 -34 35 0
10 -34 35 0
7 -34 35 0
31 -34 35 0
10 -34 35 0
20 -34 35 0
16 -34 35 0
26 -39 0
30 36 37 38 39 0
13 36 37 38 39 0
17 36 37 38 39 0
21 -36 37 38 39 0
27 -37 38 39 0
-26 -38 39 0
18 -54 0
10 40 41 42 43 44 45 46 47 48 49 50 51 52 53 54 0
15 -40 41 42 43 44 45 46 47 48 49 50 51 52 53 54 0
33 -41 42 43 44 45 46 47 48 49 50 51 52 53 54 0
28 -42 43 44 45 46 47 48 49 50 51 52 53 54 0
16 -43 44 45 46 47 48 49 50 51 52 53 54 0
5 -44 45 46 47 48 49 50 51 52 53 54 0
20 -45 46 47 48 49 50 51 52 53 54 0
2 -45 46 47 48 49 50 51 52 53 54 0
-4 -45 46 47 48 49 50 51 52 53 54 0
-4 -45 46 47 48 49 50 51 52 53 54 0
6 -45 46 47 48 49 50 51 52 53 54 0
16 -46 47 48 49 50 51 52 53 54 0
9 -47 48 49 50 51 52 53 54 0
8 -48 49 50 51 52 53 54 0
28 -49 50 51 52 53 54 0
3 -50 51 52 53 54 0
24 -51 52 53 54 0
1 -52 53 54 0
-27 -53 54 0
10 -61 0
20 55 56 57 58 59 60 61 0
2 55 56 57 58 59 60 61 0
-4 55 56 57 58 59 60 61 0
-4 55 56 57 58 59 60 61 0
6 55 56 57 58 59 60 61 0
-17 -55 56 57 58 59 60 61 -30 -13 0
12 -55 56 57 58 59 60 61 0
28 -55 56 57 58 59 60 61 0
24 -56 57 58 59 60 61 0
1 -57 58 59 60 61 0
5 -58 59 60 61 0
9 -59 60 61 0
8 -60 61 0
