p cnf 40 32
2 14 15 16 17 18 19 20 21 22 23 24 25 26 27 28 29 30 31 32 33 34 35 36 37 38 39 40 0
4 -14 15 16 17 18 19 20 21 22 23 24 25 26 27 28 29 30 31 32 33 34 35 36 37 38 39 40 0
6 -15 16 17 18 19 20 21 22 23 24 25 26 27 28 29 30 31 32 33 34 35 36 37 38 39 40 0
8 -16 17 18 19 20 21 22 23 24 25 26 27 28 29 30 31 32 33 34 35 36 37 38 39 40 0
9 -17 18 19 20 21 22 23 24 25 26 27 28 29 30 31 32 33 34 35 36 37 38 39 40 0
-9 -18 19 20 21 22 23 24 25 26 27 28 29 30 31 32 33 34 35 36 37 38 39 40 0
5 -19 20 21 22 23 24 25 26 27 28 29 30 31 32 33 34 35 36 37 38 39 40 0
13 -20 21 22 23 24 25 26 27 28 29 30 31 32 33 34 35 36 37 38 39 40 0
3 -21 22 23 24 25 26 27 28 29 30 31 32 33 34 35 36 37 38 39 40 0
-7 -22 23 24 25 26 27 28 29 30 31 32 33 34 35 36 37 38 39 40 0
-13 -23 24 25 26 27 28 29 30 31 32 33 34 35 36 37 38 39 40 0
13 -24 25 26 27 28 29 30 31 32 33 34 35 36 37 38 39 40 0
-5 -25 26 27 28 29 30 31 32 33 34 35 36 37 38 39 40 0
-10 -26 27 28 29 30 31 32 33 34 35 36 37 38 39 40 0
11 -27 28 29 30 31 32 33 34 35 36 37 38 39 40 0
11 -28 29 30 31 32 33 34 35 36 37 38 39 40 0
13 -29 30 31 32 33 34 35 36 37 38 39 40 0
7 -30 31 32 33 34 35 36 37 38 39 40 0
12 -31 32 33 34 35 36 37 38 39 40 0
3 -32 33 34 35 36 37 38 39 40 0
1 -33 34 35 36 37 38 39 40 0
3 -34 35 36 37 38 39 40 0
5 -35 36 37 38 39 40 0
-7 -36 37 38 39 40 0
5 -37 38 39 40 0
12 -38 39 40 0
10 -39 40 0
3 -40 13 0
9 -40 0
13 -40 0
3 -40 0
7 -40 0
