p cnf 31 49
1 0
6 0
9 0
12 0
16 0
22 0
10 10 18 0
3 18 0
-20 0
7 0
19 23 7 0
14 0
2 0
-14 0
-8 0
20 0
-17 0
-2 -19 0
19 15 10 8 0
-15 0
-12 0
-8 0
-13 0
4 0
2 0
17 0
11 0
18 0
10 0
2 21 0
19 0
8 19 0
13 7 13 4 20 0
23 0
-19 0
-19 0
18 0
4 -31 0
17 24 25 26 27 28 29 30 31 0
21 -24 25 26 27 28 29 30 31 0
5 -25 26 27 28 29 30 31 0
21 -25 26 27 28 29 30 31 2 0
15 -25 26 27 28 29 30 31 0
15 -25 26 27 28 29 30 31 0
20 -26 27 28 29 30 31 0
2 -27 28 29 30 31 0
13 -28 29 30 31 0
7 -29 30 31 0
13 -30 31 0
