p cnf 53 93
15 0
20 0
21 0
6 0
-21 0
-3 -6 0
12 0
3 0
5 0
5 16 -1 -1 0
10 0
9 0
7 0
13 0
16 0
9 0
18 0
6 0
19 0
5 0
6 0
6 0
22 0
-17 -14 -4 -16 -18 0
17 0
6 0
22 0
-6 0
1 0
-1 0
11 0
6 -25 0
4 23 24 25 0
10 -23 24 25 0
5 -24 25 0
3 -25 0
9 -36 0
9 26 27 28 29 30 31 32 33 34 35 36 0
22 -26 27 28 29 30 31 32 33 34 35 36 0
6 -27 28 29 30 31 32 33 34 35 36 0
3 -28 29 30 31 32 33 34 35 36 0
5 -29 30 31 32 33 34 35 36 0
6 -29 30 31 32 33 34 35 36 0
11 -29 30 31 32 33 34 35 36 0
4 -30 31 32 33 34 35 36 0
3 -31 32 33 34 35 36 0
17 -32 33 34 35 36 0
14 -32 33 34 35 36 0
4 -32 33 34 35 36 0
16 -32 33 34 35 36 0
18 -32 33 34 35 36 0
2 -33 34 35 36 0
8 -34 35 36 0
8 -35 36 0
6 -40 0
-3 37 38 39 40 0
17 -37 38 39 40 0
14 -37 38 39 40 0
4 -37 38 39 40 0
16 -37 38 39 40 0
18 -37 38 39 40 0
1 -38 39 40 0
16 -39 40 0
-6 -40 0
1 -40 0
-1 -40 0
11 -40 0
5 -40 0
8 -52 0
-18 41 42 43 44 45 46 47 48 49 50 51 52 0
8 -41 42 43 44 45 46 47 48 49 50 51 52 0
9 -42 43 44 45 46 47 48 49 50 51 52 0
3 -43 44 45 46 47 48 49 50 51 52 0
6 -43 44 45 46 47 48 49 50 51 52 0
-17 -44 45 46 47 48 49 50 51 52 0
-14 -45 46 47 48 49 50 51 52 0
-4 -46 47 48 49 50 51 52 0
-16 -47 48 49 50 51 52 0
4 -48 49 50 51 52 0
3 -49 50 51 52 0
17 -50 51 52 0
14 -50 51 52 0
4 -50 51 52 0
16 -50 51 52 0
18 -50 51 52 0
2 -51 52 0
18 -53 0
17 53 0
6 -53 0
19 -53 0
5 -53 0
6 -53 0
12 -53 0
