p cnf 59 56
2 23 24 25 26 27 28 29 30 31 32 33 34 35 36 37 38 39 40 41 42 43 44 45 46 47 48 49 50 51 52 53 54 55 56 57 58 59 0
4 -23 24 25 26 27 28 29 30 31 32 33 34 35 36 37 38 39 40 41 42 43 44 45 46 47 48 49 50 51 52 53 54 55 56 57 58 59 0
5 -24 25 26 27 28 29 30 31 32 33 34 35 36 37 38 39 40 41 42 43 44 45 46 47 48 49 50 51 52 53 54 55 56 57 58 59 0
9 -25 26 27 28 29 30 31 32 33 34 35 36 37 38 39 40 41 42 43 44 45 46 47 48 49 50 51 52 53 54 55 56 57 58 59 0
11 -26 27 28 29 30 31 32 33 34 35 36 37 38 39 40 41 42 43 44 45 46 47 48 49 50 51 52 53 54 55 56 57 58 59 0
13 -27 28 29 30 31 32 33 34 35 36 37 38 39 40 41 42 43 44 45 46 47 48 49 50 51 52 53 54 55 56 57 58 59 0
16 -28 29 30 31 32 33 34 35 36 37 38 39 40 41 42 43 44 45 46 47 48 49 50 51 52 53 54 55 56 57 58 59 0
18 -29 30 31 32 33 34 35 36 37 38 39 40 41 42 43 44 45 46 47 48 49 50 51 52 53 54 55 56 57 58 59 0
21 -30 31 32 33 34 35 36 37 38 39 40 41 42 43 44 45 46 47 48 49 50 51 52 53 54 55 56 57 58 59 0
12 -31 32 33 34 35 36 37 38 39 40 41 42 43 44 45 46 47 48 49 50 51 52 53 54 55 56 57 58 59 0
10 -31 32 33 34 35 36 37 38 39 40 41 42 43 44 45 46 47 48 49 50 51 52 53 54 55 56 57 58 59 0
19 -31 32 33 34 35 36 37 38 39 40 41 42 43 44 45 46 47 48 49 50 51 52 53 54 55 56 57 58 59 0
17 -31 32 33 34 35 36 37 38 39 40 41 42 43 44 45 46 47 48 49 50 51 52 53 54 55 56 57 58 59 0
1 -32 33 34 35 36 37 38 39 40 41 42 43 44 45 46 47 48 49 50 51 52 53 54 55 56 57 58 59 0
15 -32 33 34 35 36 37 38 39 40 41 42 43 44 45 46 47 48 49 50 51 52 53 54 55 56 57 58 59 0
19 -32 33 34 35 36 37 38 39 40 41 42 43 44 45 46 47 48 49 50 51 52 53 54 55 56 57 58 59 0
20 -32 33 34 35 36 37 38 39 40 41 42 43 44 45 46 47 48 49 50 51 52 53 54 55 56 57 58 59 0
8 -32 33 34 35 36 37 38 39 40 41 42 43 44 45 46 47 48 49 50 51 52 53 54 55 56 57 58 59 0
-19 -33 34 35 36 37 38 39 40 41 42 43 44 45 46 47 48 49 50 51 52 53 54 55 56 57 58 59 0
-14 -34 35 36 37 38 39 40 41 42 43 44 45 46 47 48 49 50 51 52 53 54 55 56 57 58 59 0
6 -35 36 37 38 39 40 41 42 43 44 45 46 47 48 49 50 51 52 53 54 55 56 57 58 59 0
-19 -36 37 38 39 40 41 42 43 44 45 46 47 48 49 50 51 52 53 54 55 56 57 58 59 0
-6 -37 38 39 40 41 42 43 44 45 46 47 48 49 50 51 52 53 54 55 56 57 58 59 0
-15 -38 39 40 41 42 43 44 45 46 47 48 49 50 51 52 53 54 55 56 57 58 59 0
6 -39 40 41 42 43 44 45 46 47 48 49 50 51 52 53 54 55 56 57 58 59 0
-20 -40 41 42 43 44 45 46 47 48 49 50 51 52 53 54 55 56 57 58 59 0
8 -41 42 43 44 45 46 47 48 49 50 51 52 53 54 55 56 57 58 59 0
22 -41 42 43 44 45 46 47 48 49 50 51 52 53 54 55 56 57 58 59 0
8 -41 42 43 44 45 46 47 48 49 50 51 52 53 54 55 56 57 58 59 0
-1 -42 43 44 45 46 47 48 49 50 51 52 53 54 55 56 57 58 59 0
18 -43 44 45 46 47 48 49 50 51 52 53 54 55 56 57 58 59 0
7 -44 45 46 47 48 49 50 51 52 53 54 55 56 57 58 59 0
-8 -45 46 47 48 49 50 51 52 53 54 55 56 57 58 59 0
1 -46 47 48 49 50 51 52 53 54 55 56 57 58 59 0
15 -46 47 48 49 50 51 52 53 54 55 56 57 58 59 0
19 -46 47 48 49 50 51 52 53 54 55 56 57 58 59 0
20 -46 47 48 49 50 51 52 53 54 55 56 57 58 59 0
8 -46 47 48 49 50 51 52 53 54 55 56 57 58 59 0
-18 -47 48 49 50 51 52 53 54 55 56 57 58 59 0
1 -48 49 50 51 52 53 54 55 56 57 58 59 0
3 -48 49 50 51 52 53 54 55 56 57 58 59 0
3 -48 49 50 51 52 53 54 55 56 57 58 59 0
-9 -49 50 51 52 53 54 55 56 57 58 59 0
19 -49 50 51 52 53 54 55 56 57 58 59 0
-18 -49 50 51 52 53 54 55 56 57 58 59 0
14 -49 50 51 52 53 54 55 56 57 58 59 0
22 -50 51 52 53 54 55 56 57 58 59 0
3 -51 52 53 54 55 56 57 58 59 0
3 -52 53 54 55 56 57 58 59 0
22 -53 54 55 56 57 58 59 0
15 -54 55 56 57 58 59 0
-9 -55 56 57 58 59 0
-1 -56 57 58 59 0
-15 -57 58 59 0
-19 -58 59 0
-20 -59 0
