p cnf 63 127
1 0
4 0
19 0
20 0
25 0
35 0
36 0
39 0
-26 0
22 0
-26 -22 0
5 44 0
14 0
32 0
11 11 24 10 31 3 27 0
43 0
18 0
-13 0
21 0
-28 0
-2 0
-40 0
34 0
29 3 12 33 18 38 41 27 29 0
5 44 0
-38 0
27 0
5 44 0
24 9 31 13 0
26 0
44 0
8 0
8 0
42 0
23 0
6 0
-37 0
17 0
21 0
15 0
38 0
-27 -42 -44 0
7 0
34 0
-26 0
-40 -10 -42 0
-12 0
15 0
33 0
-12 11 31 3 27 0
41 0
-12 11 31 3 27 0
38 41 27 29 12 0
33 0
-13 0
29 3 12 33 18 38 41 27 29 0
15 0
2 0
15 0
43 0
5 44 0
43 0
42 0
30 22 43 0
29 0
27 0
-21 0
42 0
44 0
12 0
5 0
40 0
-44 0
15 0
-13 0
23 0
-27 -42 -44 0
-5 0
43 0
42 -51 0
28 45 46 47 48 49 50 51 0
27 -45 46 47 48 49 50 51 0
42 -45 46 47 48 49 50 51 0
44 -45 46 47 48 49 50 51 0
12 -46 47 48 49 50 51 0
28 -47 48 49 50 51 0
26 -48 49 50 51 0
40 -49 50 51 0
10 -49 50 51 0
42 -49 50 51 0
26 -50 51 0
40 -51 0
10 -51 0
12 -55 0
12 52 53 54 55 0
-11 52 53 54 55 0
-31 52 53 54 55 0
-3 52 53 54 55 0
-27 52 53 54 55 0
-38 -52 53 54 55 0
-41 -52 53 54 55 0
-27 -52 53 54 55 0
-29 -52 53 54 55 0
-12 -52 53 54 55 0
-33 -53 54 55 0
-34 -54 55 0
42 -57 0
44 56 57 0
44 -56 57 0
44 -57 0
12 -57 0
5 -57 0
40 -57 0
27 -57 0
37 -59 0
22 58 59 0
27 -58 59 0
42 -58 59 0
44 -58 59 0
27 -63 0
22 60 61 62 63 0
40 -60 61 62 63 0
10 -60 61 62 63 0
42 -60 61 62 63 0
16 -61 62 63 0
44 -62 63 0
-21 -63 0
