p cnf 80 97
2 48 49 50 51 52 53 54 55 56 57 58 59 60 61 62 63 64 65 66 67 68 69 70 71 72 73 74 75 76 77 78 79 80 0
9 -48 49 50 51 52 53 54 55 56 57 58 59 60 61 62 63 64 65 66 67 68 69 70 71 72 73 74 75 76 77 78 79 80 0
10 -49 50 51 52 53 54 55 56 57 58 59 60 61 62 63 64 65 66 67 68 69 70 71 72 73 74 75 76 77 78 79 80 0
15 -50 51 52 53 54 55 56 57 58 59 60 61 62 63 64 65 66 67 68 69 70 71 72 73 74 75 76 77 78 79 80 0
16 -51 52 53 54 55 56 57 58 59 60 61 62 63 64 65 66 67 68 69 70 71 72 73 74 75 76 77 78 79 80 0
20 -52 53 54 55 56 57 58 59 60 61 62 63 64 65 66 67 68 69 70 71 72 73 74 75 76 77 78 79 80 0
22 -53 54 55 56 57 58 59 60 61 62 63 64 65 66 67 68 69 70 71 72 73 74 75 76 77 78 79 80 0
27 -54 55 56 57 58 59 60 61 62 63 64 65 66 67 68 69 70 71 72 73 74 75 76 77 78 79 80 0
-7 -55 56 57 58 59 60 61 62 63 64 65 66 67 68 69 70 71 72 73 74 75 76 77 78 79 80 0
-19 -56 57 58 59 60 61 62 63 64 65 66 67 68 69 70 71 72 73 74 75 76 77 78 79 80 0
24 -57 58 59 60 61 62 63 64 65 66 67 68 69 70 71 72 73 74 75 76 77 78 79 80 0
14 -58 59 60 61 62 63 64 65 66 67 68 69 70 71 72 73 74 75 76 77 78 79 80 0
21 -58 59 60 61 62 63 64 65 66 67 68 69 70 71 72 73 74 75 76 77 78 79 80 0
7 -58 59 60 61 62 63 64 65 66 67 68 69 70 71 72 73 74 75 76 77 78 79 80 0
2 -59 60 61 62 63 64 65 66 67 68 69 70 71 72 73 74 75 76 77 78 79 80 0
5 -60 61 62 63 64 65 66 67 68 69 70 71 72 73 74 75 76 77 78 79 80 0
8 -60 61 62 63 64 65 66 67 68 69 70 71 72 73 74 75 76 77 78 79 80 0
5 -60 61 62 63 64 65 66 67 68 69 70 71 72 73 74 75 76 77 78 79 80 0
5 -61 62 63 64 65 66 67 68 69 70 71 72 73 74 75 76 77 78 79 80 0
5 -61 62 63 64 65 66 67 68 69 70 71 72 73 74 75 76 77 78 79 80 0
11 -61 62 63 64 65 66 67 68 69 70 71 72 73 74 75 76 77 78 79 80 0
7 -61 62 63 64 65 66 67 68 69 70 71 72 73 74 75 76 77 78 79 80 0
-27 -61 62 63 64 65 66 67 68 69 70 71 72 73 74 75 76 77 78 79 80 0
-3 -62 63 64 65 66 67 68 69 70 71 72 73 74 75 76 77 78 79 80 0
-7 -63 64 65 66 67 68 69 70 71 72 73 74 75 76 77 78 79 80 0
19 -64 65 66 67 68 69 70 71 72 73 74 75 76 77 78 79 80 0
17 -64 65 66 67 68 69 70 71 72 73 74 75 76 77 78 79 80 0
7 -64 65 66 67 68 69 70 71 72 73 74 75 76 77 78 79 80 0
14 -64 65 66 67 68 69 70 71 72 73 74 75 76 77 78 79 80 0
21 -64 65 66 67 68 69 70 71 72 73 74 75 76 77 78 79 80 0
-37 -64 65 66 67 68 69 70 71 72 73 74 75 76 77 78 79 80 7 0
37 -64 65 66 67 68 69 70 71 72 73 74 75 76 77 78 79 80 -11 28 29 30 31 32 33 34 35 36 0
37 -64 65 66 67 68 69 70 71 72 73 74 75 76 77 78 79 80 -2 -28 29 30 31 32 33 34 35 36 0
37 -64 65 66 67 68 69 70 71 72 73 74 75 76 77 78 79 80 21 -29 30 31 32 33 34 35 36 0
37 -64 65 66 67 68 69 70 71 72 73 74 75 76 77 78 79 80 23 -29 30 31 32 33 34 35 36 0
37 -64 65 66 67 68 69 70 71 72 73 74 75 76 77 78 79 80 13 -29 30 31 32 33 34 35 36 0
37 -64 65 66 67 68 69 70 71 72 73 74 75 76 77 78 79 80 7 -29 30 31 32 33 34 35 36 0
37 -64 65 66 67 68 69 70 71 72 73 74 75 76 77 78 79 80 25 -29 30 31 32 33 34 35 36 0
37 -64 65 66 67 68 69 70 71 72 73 74 75 76 77 78 79 80 14 -29 30 31 32 33 34 35 36 0
37 -64 65 66 67 68 69 70 71 72 73 74 75 76 77 78 79 80 21 -29 30 31 32 33 34 35 36 0
37 -64 65 66 67 68 69 70 71 72 73 74 75 76 77 78 79 80 14 -30 31 32 33 34 35 36 0
37 -64 65 66 67 68 69 70 71 72 73 74 75 76 77 78 79 80 -10 -31 32 33 34 35 36 0
37 -64 65 66 67 68 69 70 71 72 73 74 75 76 77 78 79 80 8 -32 33 34 35 36 0
37 -64 65 66 67 68 69 70 71 72 73 74 75 76 77 78 79 80 24 -33 34 35 36 0
37 -64 65 66 67 68 69 70 71 72 73 74 75 76 77 78 79 80 6 -34 35 36 0
37 -64 65 66 67 68 69 70 71 72 73 74 75 76 77 78 79 80 18 -35 36 0
37 -64 65 66 67 68 69 70 71 72 73 74 75 76 77 78 79 80 12 -36 0
12 -65 66 67 68 69 70 71 72 73 74 75 76 77 78 79 80 0
5 -65 66 67 68 69 70 71 72 73 74 75 76 77 78 79 80 0
26 -65 66 67 68 69 70 71 72 73 74 75 76 77 78 79 80 0
18 -66 67 68 69 70 71 72 73 74 75 76 77 78 79 80 0
14 -67 68 69 70 71 72 73 74 75 76 77 78 79 80 0
21 -67 68 69 70 71 72 73 74 75 76 77 78 79 80 0
7 -67 68 69 70 71 72 73 74 75 76 77 78 79 80 0
3 -68 69 70 71 72 73 74 75 76 77 78 79 80 0
4 -69 70 71 72 73 74 75 76 77 78 79 80 0
-6 -70 71 72 73 74 75 76 77 78 79 80 0
-3 -70 71 72 73 74 75 76 77 78 79 80 0
-18 -71 72 73 74 75 76 77 78 79 80 0
-7 -72 73 74 75 76 77 78 79 80 0
-1 -73 74 75 76 77 78 79 80 0
-11 -74 75 76 77 78 79 80 0
-18 -75 76 77 78 79 80 0
-18 -76 77 78 79 80 0
-3 -77 78 79 80 0
19 -78 79 80 0
17 -78 79 80 0
7 -78 79 80 0
14 -78 79 80 0
21 -78 79 80 0
-47 -78 79 80 7 0
47 -78 79 80 -11 38 39 40 41 42 43 44 45 46 0
47 -78 79 80 -2 -38 39 40 41 42 43 44 45 46 0
47 -78 79 80 21 -39 40 41 42 43 44 45 46 0
47 -78 79 80 23 -39 40 41 42 43 44 45 46 0
47 -78 79 80 13 -39 40 41 42 43 44 45 46 0
47 -78 79 80 7 -39 40 41 42 43 44 45 46 0
47 -78 79 80 25 -39 40 41 42 43 44 45 46 0
47 -78 79 80 14 -39 40 41 42 43 44 45 46 0
47 -78 79 80 21 -39 40 41 42 43 44 45 46 0
47 -78 79 80 14 -40 41 42 43 44 45 46 0
47 -78 79 80 -10 -41 42 43 44 45 46 0
47 -78 79 80 8 -42 43 44 45 46 0
47 -78 79 80 24 -43 44 45 46 0
47 -78 79 80 6 -44 45 46 0
47 -78 79 80 18 -45 46 0
47 -78 79 80 12 -46 0
3 -79 80 6 0
18 -79 80 0
7 -79 80 0
1 -79 80 0
11 -79 80 0
18 -79 80 0
3 -79 80 0
7 -80 0
-27 -80 0
5 -80 0
