p cnf 61 81
1 0
3 0
24 0
29 0
10 26 30 0
-31 30 -31 20 7 28 0
16 17 20 0
-7 0
6 0
-6 0
15 0
-15 0
16 0
23 16 0
-31 0
10 0
-28 0
12 0
2 0
-23 0
13 0
-2 0
12 -7 11 9 -28 6 0
27 32 -31 30 17 -31 20 7 28 13 20 14 10 5 16 0
23 0
18 0
16 0
20 0
14 0
4 14 0
14 0
12 0
13 0
15 0
23 0
-23 0
11 -36 0
12 33 34 35 36 0
16 33 34 35 36 0
30 -33 34 35 36 0
25 -34 35 36 0
25 -35 36 0
-28 -36 0
26 -36 0
22 -36 0
13 -36 0
16 -45 0
13 37 38 39 40 41 42 43 44 45 0
17 -37 38 39 40 41 42 43 44 45 0
18 -38 39 40 41 42 43 44 45 0
18 -39 40 41 42 43 44 45 0
16 -39 40 41 42 43 44 45 0
6 -39 40 41 42 43 44 45 0
23 -39 40 41 42 43 44 45 0
13 -40 41 42 43 44 45 0
20 -41 42 43 44 45 0
14 -42 43 44 45 0
10 -43 44 45 0
5 -44 45 0
23 -54 0
7 46 47 48 49 50 51 52 53 54 0
22 -46 47 48 49 50 51 52 53 54 0
21 -47 48 49 50 51 52 53 54 0
-2 -48 49 50 51 52 53 54 0
17 -49 50 51 52 53 54 0
23 -49 50 51 52 53 54 0
21 -49 50 51 52 53 54 0
19 -49 50 51 52 53 54 0
32 -50 51 52 53 54 0
17 -51 52 53 54 0
31 -52 53 54 0
21 -53 54 0
28 -61 0
12 55 56 57 58 59 60 61 0
-31 -55 56 57 58 59 60 61 0
-28 -56 57 58 59 60 61 0
20 -57 58 59 60 61 0
8 -57 58 59 60 61 0
-31 -58 59 60 61 0
20 -59 60 61 0
7 -60 61 0
