p cnf 57 53
12 28 29 30 31 32 33 34 35 36 37 38 39 40 41 42 43 44 45 46 47 48 49 50 51 52 53 54 55 56 57 0
14 -28 29 30 31 32 33 34 35 36 37 38 39 40 41 42 43 44 45 46 47 48 49 50 51 52 53 54 55 56 57 0
15 -29 30 31 32 33 34 35 36 37 38 39 40 41 42 43 44 45 46 47 48 49 50 51 52 53 54 55 56 57 0
20 -30 31 32 33 34 35 36 37 38 39 40 41 42 43 44 45 46 47 48 49 50 51 52 53 54 55 56 57 0
5 -31 32 33 34 35 36 37 38 39 40 41 42 43 44 45 46 47 48 49 50 51 52 53 54 55 56 57 0
2 -32 33 34 35 36 37 38 39 40 41 42 43 44 45 46 47 48 49 50 51 52 53 54 55 56 57 0
8 -32 33 34 35 36 37 38 39 40 41 42 43 44 45 46 47 48 49 50 51 52 53 54 55 56 57 0
3 -32 33 34 35 36 37 38 39 40 41 42 43 44 45 46 47 48 49 50 51 52 53 54 55 56 57 0
1 -32 33 34 35 36 37 38 39 40 41 42 43 44 45 46 47 48 49 50 51 52 53 54 55 56 57 0
-3 -33 34 35 36 37 38 39 40 41 42 43 44 45 46 47 48 49 50 51 52 53 54 55 56 57 0
18 -34 35 36 37 38 39 40 41 42 43 44 45 46 47 48 49 50 51 52 53 54 55 56 57 0
8 -35 36 37 38 39 40 41 42 43 44 45 46 47 48 49 50 51 52 53 54 55 56 57 0
2 -36 37 38 39 40 41 42 43 44 45 46 47 48 49 50 51 52 53 54 55 56 57 0
17 -36 37 38 39 40 41 42 43 44 45 46 47 48 49 50 51 52 53 54 55 56 57 19 11 -16 10 6 13 10 0
-25 -36 37 38 39 40 41 42 43 44 45 46 47 48 49 50 51 52 53 54 55 56 57 8 0
25 -36 37 38 39 40 41 42 43 44 45 46 47 48 49 50 51 52 53 54 55 56 57 5 22 23 24 0
25 -36 37 38 39 40 41 42 43 44 45 46 47 48 49 50 51 52 53 54 55 56 57 13 -22 23 24 0
25 -36 37 38 39 40 41 42 43 44 45 46 47 48 49 50 51 52 53 54 55 56 57 4 -23 24 0
17 -36 37 38 39 40 41 42 43 44 45 46 47 48 49 50 51 52 53 54 55 56 57 10 -24 25 0
25 -36 37 38 39 40 41 42 43 44 45 46 47 48 49 50 51 52 53 54 55 56 57 9 -24 0
25 -36 37 38 39 40 41 42 43 44 45 46 47 48 49 50 51 52 53 54 55 56 57 1 -24 0
-27 -36 37 38 39 40 41 42 43 44 45 46 47 48 49 50 51 52 53 54 55 56 57 7 0
27 -36 37 38 39 40 41 42 43 44 45 46 47 48 49 50 51 52 53 54 55 56 57 16 26 0
27 -36 37 38 39 40 41 42 43 44 45 46 47 48 49 50 51 52 53 54 55 56 57 2 26 0
27 -36 37 38 39 40 41 42 43 44 45 46 47 48 49 50 51 52 53 54 55 56 57 13 26 0
27 -36 37 38 39 40 41 42 43 44 45 46 47 48 49 50 51 52 53 54 55 56 57 16 -26 0
-15 -37 38 39 40 41 42 43 44 45 46 47 48 49 50 51 52 53 54 55 56 57 0
-15 -37 38 39 40 41 42 43 44 45 46 47 48 49 50 51 52 53 54 55 56 57 0
10 -38 39 40 41 42 43 44 45 46 47 48 49 50 51 52 53 54 55 56 57 0
-18 -39 40 41 42 43 44 45 46 47 48 49 50 51 52 53 54 55 56 57 0
-19 -40 41 42 43 44 45 46 47 48 49 50 51 52 53 54 55 56 57 0
21 -41 42 43 44 45 46 47 48 49 50 51 52 53 54 55 56 57 0
3 -42 43 44 45 46 47 48 49 50 51 52 53 54 55 56 57 0
7 -43 44 45 46 47 48 49 50 51 52 53 54 55 56 57 0
13 -44 45 46 47 48 49 50 51 52 53 54 55 56 57 0
10 -45 46 47 48 49 50 51 52 53 54 55 56 57 17 0
9 -45 46 47 48 49 50 51 52 53 54 55 56 57 0
1 -45 46 47 48 49 50 51 52 53 54 55 56 57 0
2 -46 47 48 49 50 51 52 53 54 55 56 57 0
17 -47 48 49 50 51 52 53 54 55 56 57 0
19 -48 49 50 51 52 53 54 55 56 57 13 10 0
16 -48 49 50 51 52 53 54 55 56 57 0
-15 -48 49 50 51 52 53 54 55 56 57 0
11 -48 49 50 51 52 53 54 55 56 57 0
1 -49 50 51 52 53 54 55 56 57 0
11 -50 51 52 53 54 55 56 57 0
5 -51 52 53 54 55 56 57 0
19 -52 53 54 55 56 57 0
11 -53 54 55 56 57 0
-16 -54 55 56 57 0
10 -55 56 57 0
6 -56 57 0
13 -57 0
