p cnf 43 49
3 23 24 25 26 27 28 29 30 31 32 33 34 35 36 37 38 39 40 41 42 43 0
5 -23 24 25 26 27 28 29 30 31 32 33 34 35 36 37 38 39 40 41 42 43 0
12 -24 25 26 27 28 29 30 31 32 33 34 35 36 37 38 39 40 41 42 43 0
15 -25 26 27 28 29 30 31 32 33 34 35 36 37 38 39 40 41 42 43 0
18 -26 27 28 29 30 31 32 33 34 35 36 37 38 39 40 41 42 43 0
2 -27 28 29 30 31 32 33 34 35 36 37 38 39 40 41 42 43 0
-7 -27 28 29 30 31 32 33 34 35 36 37 38 39 40 41 42 43 0
-14 -27 28 29 30 31 32 33 34 35 36 37 38 39 40 41 42 43 0
16 -27 28 29 30 31 32 33 34 35 36 37 38 39 40 41 42 43 0
17 -28 29 30 31 32 33 34 35 36 37 38 39 40 41 42 43 0
7 -28 29 30 31 32 33 34 35 36 37 38 39 40 41 42 43 0
8 -28 29 30 31 32 33 34 35 36 37 38 39 40 41 42 43 0
-7 -29 30 31 32 33 34 35 36 37 38 39 40 41 42 43 0
-1 -30 31 32 33 34 35 36 37 38 39 40 41 42 43 0
-9 -31 32 33 34 35 36 37 38 39 40 41 42 43 0
-10 -31 32 33 34 35 36 37 38 39 40 41 42 43 0
14 -31 32 33 34 35 36 37 38 39 40 41 42 43 0
-16 -31 32 33 34 35 36 37 38 39 40 41 42 43 -2 7 14 0
17 -32 33 34 35 36 37 38 39 40 41 42 43 0
6 -32 33 34 35 36 37 38 39 40 41 42 43 0
1 -32 33 34 35 36 37 38 39 40 41 42 43 0
17 -32 33 34 35 36 37 38 39 40 41 42 43 0
-5 -32 33 34 35 36 37 38 39 40 41 42 43 0
11 -32 33 34 35 36 37 38 39 40 41 42 43 0
-1 -33 34 35 36 37 38 39 40 41 42 43 0
1 -34 35 36 37 38 39 40 41 42 43 0
-7 -34 35 36 37 38 39 40 41 42 43 0
-8 -34 35 36 37 38 39 40 41 42 43 4 0
11 -34 35 36 37 38 39 40 41 42 43 0
17 -34 35 36 37 38 39 40 41 42 43 0
-14 -35 36 37 38 39 40 41 42 43 0
-8 -35 36 37 38 39 40 41 42 43 0
7 -35 36 37 38 39 40 41 42 43 0
-22 -35 36 37 38 39 40 41 42 43 -13 0
22 -35 36 37 38 39 40 41 42 43 -7 20 21 0
22 -35 36 37 38 39 40 41 42 43 -13 -20 21 0
22 -35 36 37 38 39 40 41 42 43 -10 -21 0
22 -35 36 37 38 39 40 41 42 43 -19 -21 0
9 -36 37 38 39 40 41 42 43 0
10 -37 38 39 40 41 42 43 0
-14 -38 39 40 41 42 43 0
7 -39 40 41 42 43 0
13 -39 40 41 42 43 0
19 -39 40 41 42 43 10 0
13 -39 40 41 42 43 0
14 -40 41 42 43 0
8 -41 42 43 0
-11 -42 43 0
-17 -43 0
