p cnf 49 83
7 0
10 0
16 0
24 0
26 0
27 0
6 0
11 19 12 17 0
-11 0
25 0
-27 0
-26 0
17 -3 -2 0
-20 0
-17 0
11 0
25 14 14 0
-15 0
28 0
-20 0
20 0
3 1 0
6 0
15 0
1 0
28 0
15 0
30 0
15 0
9 0
32 0
-11 0
-19 0
-12 0
17 19 0
31 0
18 0
-3 0
22 31 15 29 0
14 -21 5 0
13 0
17 -3 -2 0
8 0
20 3 14 0
15 0
3 -37 0
1 33 34 35 36 37 0
8 -33 34 35 36 37 0
19 -34 35 36 37 0
2 -35 36 37 0
13 -36 37 0
-3 -36 37 0
4 -36 37 0
15 -36 37 0
29 -36 37 0
31 -44 0
13 38 39 40 41 42 43 44 0
-3 38 39 40 41 42 43 44 0
4 38 39 40 41 42 43 44 0
15 38 39 40 41 42 43 44 0
29 38 39 40 41 42 43 44 0
32 -38 39 40 41 42 43 44 0
-2 -38 39 40 41 42 43 44 17 -3 0
15 -38 39 40 41 42 43 44 0
2 -39 40 41 42 43 44 0
32 -40 41 42 43 44 0
23 -41 42 43 44 0
21 -42 43 44 0
-2 -43 44 0
15 -45 0
23 45 0
32 -45 0
-2 -45 17 -3 0
-3 -49 0
21 46 47 48 49 0
31 -46 47 48 49 0
19 -47 48 49 0
-3 -48 49 0
-1 -49 0
-8 -49 0
-19 -49 0
-2 -49 0
-29 -49 -13 3 -4 -15 0
