p cnf 29 56
16 0
6 0
-14 0
18 0
21 0
12 2 0
8 11 6 12 9 7 13 0
1 0
20 17 10 0
15 0
19 0
5 0
18 0
-1 0
-20 0
15 0
20 0
18 0
14 0
5 17 0
1 0
3 0
1 0
6 0
5 17 0
17 0
14 0
5 0
13 0
20 14 12 13 4 0
7 0
19 0
5 17 0
5 17 0
19 0
14 0
1 0
5 17 0
17 0
-18 -26 0
10 22 23 24 25 26 0
17 -22 23 24 25 26 5 0
17 -22 23 24 25 26 0
18 -22 23 24 25 26 0
17 -22 23 24 25 26 5 0
-5 -23 24 25 26 0
-17 -23 24 25 26 0
-5 -24 25 26 0
-17 -24 25 26 0
-17 -25 26 0
-17 -29 0
-5 27 28 29 0
-17 27 28 29 0
-17 -27 28 29 0
-18 -28 29 0
-5 -29 0
