p cnf 36 65
7 0
8 0
17 0
18 0
20 0
21 0
14 0
-8 -8 22 5 0
2 19 0
23 6 0
-3 0
22 0
-9 0
-19 0
1 0
15 14 0
23 0
14 0
-9 0
12 0
10 0
5 0
11 0
6 0
-13 0
16 0
10 0
6 0
13 0
15 14 0
-9 0
-14 -25 0
-15 25 0
-14 25 0
9 -27 0
6 26 27 0
23 -26 27 0
4 -26 27 0
11 -26 27 0
24 -26 27 0
-8 -26 27 0
22 -27 0
15 -27 0
-9 -27 0
9 -32 0
15 28 29 30 31 32 0
23 -28 29 30 31 32 0
24 -29 30 31 32 0
1 -30 31 32 0
-9 -31 32 0
22 -32 0
15 -32 0
-9 -32 0
-9 -35 0
1 33 34 35 0
9 33 34 35 0
-9 33 34 35 0
3 33 34 35 0
11 -33 34 35 0
24 -34 35 0
23 -36 0
22 36 0
15 36 0
-9 36 0
9 36 0
